22:22:12 **** Incremental Build of configuration Nios II for project TestProcessor ****
make all 
Info: Building ../TestProcessor_bsp/
C:/intelFPGA_lite/18.1/nios2eds/bin/gnu/H-x86_64-mingw32/bin/make --no-print-directory -C ../TestProcessor_bsp/
[BSP build complete]
Info: Compiling main.c to obj/default/main.o
nios2-elf-gcc -xc -MP -MMD -c -I../TestProcessor_bsp//HAL/inc -I../TestProcessor_bsp/ -I../TestProcessor_bsp//drivers/inc  -pipe -D__hal__ -DALT_NO_INSTRUCTION_EMULATION -DALT_SINGLE_THREADED    -O0 -g -Wall   -mno-hw-div -mno-hw-mul -mno-hw-mulx -mgpopt=global  -o obj/default/main.o main.c
Info: Linking TestProcessor.elf
nios2-elf-g++  -T'../TestProcessor_bsp//linker.x' -msys-crt0='../TestProcessor_bsp//obj/HAL/src/crt0.o' -msys-lib=hal_bsp -L../TestProcessor_bsp/   -Wl,-Map=TestProcessor.map   -O0 -g -Wall   -mno-hw-div -mno-hw-mul -mno-hw-mulx -mgpopt=global  -o TestProcessor.elf obj/default/main.o -lm -msys-lib=m
nios2-elf-insert TestProcessor.elf --thread_model hal --cpu_name processor --qsys true --simulation_enabled false --stderr_dev none --stdin_dev none --stdout_dev none --sopc_system_name EmbarcadoVGA --quartus_project_dir "C:/Projects/Quartus/ModuloVGAController32b" --jdi ../..//output_files/vgaController.jdi --sopcinfo C:/Projects/Quartus/ModuloVGAController32b/software/TestProcessor_bsp/../../EmbarcadoVGA.sopcinfo
Info: (TestProcessor.elf) 3908 Bytes program size (code + initialized data).
Info:                     2768 Bytes free for stack + heap.
Info: Creating TestProcessor.objdump
nios2-elf-objdump --disassemble --syms --all-header --source TestProcessor.elf >TestProcessor.objdump
[TestProcessor build complete]
22:22:42 **** Build of configuration Nios II for project TestProcessor ****
make all 
Info: Building ../TestProcessor_bsp/
C:/intelFPGA_lite/18.1/nios2eds/bin/gnu/H-x86_64-mingw32/bin/make --no-print-directory -C ../TestProcessor_bsp/
[BSP build complete]
[TestProcessor build complete]
22:22:44 **** Incremental Build of configuration Nios II for project TestProcessor ****
make all 
Info: Building ../TestProcessor_bsp/
C:/intelFPGA_lite/18.1/nios2eds/bin/gnu/H-x86_64-mingw32/bin/make --no-print-directory -C ../TestProcessor_bsp/
[BSP build complete]
[TestProcessor build complete]
