Info: Starting: Create block symbol file (.bsf)
Info: qsys-generate C:\Projects\Quartus\visual_processing_unit_gamepad\embedded_vpu.qsys --block-symbol-file --output-directory=C:\Projects\Quartus\visual_processing_unit_gamepad\embedded_vpu --family="Cyclone IV E" --part=EP4CE115F29C7
Progress: Loading visual_processing_unit_gamepad/embedded_vpu.qsys
Progress: Reading input file
Progress: Adding background_loader [background_loader 1.0]
Progress: Parameterizing module background_loader
Progress: Adding clk [clock_source 18.1]
Progress: Parameterizing module clk
Progress: Adding composer [composer 1.0]
Progress: Parameterizing module composer
Progress: Adding gamepad [gamepad 1.0]
Progress: Parameterizing module gamepad
Progress: Adding gamepad_pins [altera_avalon_pio 18.1]
Progress: Parameterizing module gamepad_pins
Progress: Adding key [altera_avalon_pio 18.1]
Progress: Parameterizing module key
Progress: Adding leds [altera_avalon_pio 18.1]
Progress: Parameterizing module leds
Progress: Adding processor [altera_nios2_gen2 18.1]
Progress: Parameterizing module processor
Progress: Adding ram_data [altera_avalon_onchip_memory2 18.1]
Progress: Parameterizing module ram_data
Progress: Adding sdram_controller [altera_avalon_new_sdram_controller 18.1]
Progress: Parameterizing module sdram_controller
Progress: Adding sram [altera_up_avalon_sram 18.0]
Progress: Parameterizing module sram
Progress: Building connections
Progress: Parameterizing connections
Progress: Validating
Progress: Done reading input file
Info: embedded_vpu.gamepad_pins: PIO inputs are not hardwired in test bench. Undefined values will be read from PIO inputs during simulation.
Info: embedded_vpu.key: PIO inputs are not hardwired in test bench. Undefined values will be read from PIO inputs during simulation.
Info: embedded_vpu.sdram_controller: SDRAM Controller will only be supported in Quartus Prime Standard Edition in the future release.
Info: qsys-generate succeeded.
Info: Finished: Create block symbol file (.bsf)
Info: 
Info: Starting: Create HDL design files for synthesis
Info: qsys-generate C:\Projects\Quartus\visual_processing_unit_gamepad\embedded_vpu.qsys --synthesis=VERILOG --output-directory=C:\Projects\Quartus\visual_processing_unit_gamepad\embedded_vpu\synthesis --family="Cyclone IV E" --part=EP4CE115F29C7
Progress: Loading visual_processing_unit_gamepad/embedded_vpu.qsys
Progress: Reading input file
Progress: Adding background_loader [background_loader 1.0]
Progress: Parameterizing module background_loader
Progress: Adding clk [clock_source 18.1]
Progress: Parameterizing module clk
Progress: Adding composer [composer 1.0]
Progress: Parameterizing module composer
Progress: Adding gamepad [gamepad 1.0]
Progress: Parameterizing module gamepad
Progress: Adding gamepad_pins [altera_avalon_pio 18.1]
Progress: Parameterizing module gamepad_pins
Progress: Adding key [altera_avalon_pio 18.1]
Progress: Parameterizing module key
Progress: Adding leds [altera_avalon_pio 18.1]
Progress: Parameterizing module leds
Progress: Adding processor [altera_nios2_gen2 18.1]
Progress: Parameterizing module processor
Progress: Adding ram_data [altera_avalon_onchip_memory2 18.1]
Progress: Parameterizing module ram_data
Progress: Adding sdram_controller [altera_avalon_new_sdram_controller 18.1]
Progress: Parameterizing module sdram_controller
Progress: Adding sram [altera_up_avalon_sram 18.0]
Progress: Parameterizing module sram
Progress: Building connections
Progress: Parameterizing connections
Progress: Validating
Progress: Done reading input file
Info: embedded_vpu.gamepad_pins: PIO inputs are not hardwired in test bench. Undefined values will be read from PIO inputs during simulation.
Info: embedded_vpu.key: PIO inputs are not hardwired in test bench. Undefined values will be read from PIO inputs during simulation.
Info: embedded_vpu.sdram_controller: SDRAM Controller will only be supported in Quartus Prime Standard Edition in the future release.
Info: embedded_vpu: Generating embedded_vpu "embedded_vpu" for QUARTUS_SYNTH
Info: Interconnect is inserted between master composer.avalon_master and slave sram.avalon_sram_slave because the master has readdata signal 32 bit wide, but the slave is 16 bit wide.
Info: Interconnect is inserted between master composer.avalon_master and slave sram.avalon_sram_slave because the master has address signal 32 bit wide, but the slave is 20 bit wide.
Info: Interconnect is inserted between master composer.avalon_master and slave sram.avalon_sram_slave because the master has byteenable signal 4 bit wide, but the slave is 2 bit wide.
Info: Interconnect is inserted between master composer.avalon_master and slave sram.avalon_sram_slave because the master has waitrequest signal 1 bit wide, but the slave is 0 bit wide.
Info: Interconnect is inserted between master composer.avalon_master and slave sram.avalon_sram_slave because the master has chipselect signal 1 bit wide, but the slave is 0 bit wide.
Info: Interconnect is inserted between master background_loader.master and slave sdram_controller.s1 because the master has address signal 30 bit wide, but the slave is 25 bit wide.
Info: Interconnect is inserted between master background_loader.master and slave sdram_controller.s1 because the master has burstcount signal 5 bit wide, but the slave is 0 bit wide.
Info: Interconnect is inserted between master background_loader.master and slave sdram_controller.s1 because the master has beginbursttransfer signal 1 bit wide, but the slave is 0 bit wide.
Info: background_loader: "embedded_vpu" instantiated background_loader "background_loader"
Info: composer: "embedded_vpu" instantiated composer "composer"
Info: gamepad_pins: Starting RTL generation for module 'embedded_vpu_gamepad_pins'
Info: gamepad_pins:   Generation command is [exec C:/intelfpga_lite/18.1/quartus/bin64/perl/bin/perl.exe -I C:/intelfpga_lite/18.1/quartus/bin64/perl/lib -I C:/intelfpga_lite/18.1/quartus/sopc_builder/bin/europa -I C:/intelfpga_lite/18.1/quartus/sopc_builder/bin/perl_lib -I C:/intelfpga_lite/18.1/quartus/sopc_builder/bin -I C:/intelfpga_lite/18.1/quartus/../ip/altera/sopc_builder_ip/common -I C:/intelfpga_lite/18.1/quartus/../ip/altera/sopc_builder_ip/altera_avalon_pio -- C:/intelfpga_lite/18.1/quartus/../ip/altera/sopc_builder_ip/altera_avalon_pio/generate_rtl.pl --name=embedded_vpu_gamepad_pins --dir=C:/Users/felip/AppData/Local/Temp/alt0280_946341230046802575.dir/0004_gamepad_pins_gen/ --quartus_dir=C:/intelfpga_lite/18.1/quartus --verilog --config=C:/Users/felip/AppData/Local/Temp/alt0280_946341230046802575.dir/0004_gamepad_pins_gen//embedded_vpu_gamepad_pins_component_configuration.pl  --do_build_sim=0  ]
Info: gamepad_pins: Done RTL generation for module 'embedded_vpu_gamepad_pins'
Info: gamepad_pins: "embedded_vpu" instantiated altera_avalon_pio "gamepad_pins"
Info: key: Starting RTL generation for module 'embedded_vpu_key'
Info: key:   Generation command is [exec C:/intelfpga_lite/18.1/quartus/bin64/perl/bin/perl.exe -I C:/intelfpga_lite/18.1/quartus/bin64/perl/lib -I C:/intelfpga_lite/18.1/quartus/sopc_builder/bin/europa -I C:/intelfpga_lite/18.1/quartus/sopc_builder/bin/perl_lib -I C:/intelfpga_lite/18.1/quartus/sopc_builder/bin -I C:/intelfpga_lite/18.1/quartus/../ip/altera/sopc_builder_ip/common -I C:/intelfpga_lite/18.1/quartus/../ip/altera/sopc_builder_ip/altera_avalon_pio -- C:/intelfpga_lite/18.1/quartus/../ip/altera/sopc_builder_ip/altera_avalon_pio/generate_rtl.pl --name=embedded_vpu_key --dir=C:/Users/felip/AppData/Local/Temp/alt0280_946341230046802575.dir/0005_key_gen/ --quartus_dir=C:/intelfpga_lite/18.1/quartus --verilog --config=C:/Users/felip/AppData/Local/Temp/alt0280_946341230046802575.dir/0005_key_gen//embedded_vpu_key_component_configuration.pl  --do_build_sim=0  ]
Info: key: Done RTL generation for module 'embedded_vpu_key'
Info: key: "embedded_vpu" instantiated altera_avalon_pio "key"
Info: leds: Starting RTL generation for module 'embedded_vpu_leds'
Info: leds:   Generation command is [exec C:/intelfpga_lite/18.1/quartus/bin64/perl/bin/perl.exe -I C:/intelfpga_lite/18.1/quartus/bin64/perl/lib -I C:/intelfpga_lite/18.1/quartus/sopc_builder/bin/europa -I C:/intelfpga_lite/18.1/quartus/sopc_builder/bin/perl_lib -I C:/intelfpga_lite/18.1/quartus/sopc_builder/bin -I C:/intelfpga_lite/18.1/quartus/../ip/altera/sopc_builder_ip/common -I C:/intelfpga_lite/18.1/quartus/../ip/altera/sopc_builder_ip/altera_avalon_pio -- C:/intelfpga_lite/18.1/quartus/../ip/altera/sopc_builder_ip/altera_avalon_pio/generate_rtl.pl --name=embedded_vpu_leds --dir=C:/Users/felip/AppData/Local/Temp/alt0280_946341230046802575.dir/0006_leds_gen/ --quartus_dir=C:/intelfpga_lite/18.1/quartus --verilog --config=C:/Users/felip/AppData/Local/Temp/alt0280_946341230046802575.dir/0006_leds_gen//embedded_vpu_leds_component_configuration.pl  --do_build_sim=0  ]
Info: leds: Done RTL generation for module 'embedded_vpu_leds'
Info: leds: "embedded_vpu" instantiated altera_avalon_pio "leds"
Info: processor: "embedded_vpu" instantiated altera_nios2_gen2 "processor"
Info: ram_data: Starting RTL generation for module 'embedded_vpu_ram_data'
Info: ram_data:   Generation command is [exec C:/intelfpga_lite/18.1/quartus/bin64/perl/bin/perl.exe -I C:/intelfpga_lite/18.1/quartus/bin64/perl/lib -I C:/intelfpga_lite/18.1/quartus/sopc_builder/bin/europa -I C:/intelfpga_lite/18.1/quartus/sopc_builder/bin/perl_lib -I C:/intelfpga_lite/18.1/quartus/sopc_builder/bin -I C:/intelfpga_lite/18.1/quartus/../ip/altera/sopc_builder_ip/common -I C:/intelfpga_lite/18.1/quartus/../ip/altera/sopc_builder_ip/altera_avalon_onchip_memory2 -- C:/intelfpga_lite/18.1/quartus/../ip/altera/sopc_builder_ip/altera_avalon_onchip_memory2/generate_rtl.pl --name=embedded_vpu_ram_data --dir=C:/Users/felip/AppData/Local/Temp/alt0280_946341230046802575.dir/0007_ram_data_gen/ --quartus_dir=C:/intelfpga_lite/18.1/quartus --verilog --config=C:/Users/felip/AppData/Local/Temp/alt0280_946341230046802575.dir/0007_ram_data_gen//embedded_vpu_ram_data_component_configuration.pl  --do_build_sim=0  ]
Info: ram_data: Done RTL generation for module 'embedded_vpu_ram_data'
Info: ram_data: "embedded_vpu" instantiated altera_avalon_onchip_memory2 "ram_data"
Info: sdram_controller: Starting RTL generation for module 'embedded_vpu_sdram_controller'
Info: sdram_controller:   Generation command is [exec C:/intelfpga_lite/18.1/quartus/bin64/perl/bin/perl.exe -I C:/intelfpga_lite/18.1/quartus/bin64/perl/lib -I C:/intelfpga_lite/18.1/quartus/sopc_builder/bin/europa -I C:/intelfpga_lite/18.1/quartus/sopc_builder/bin/perl_lib -I C:/intelfpga_lite/18.1/quartus/sopc_builder/bin -I C:/intelfpga_lite/18.1/quartus/../ip/altera/sopc_builder_ip/common -I C:/intelfpga_lite/18.1/quartus/../ip/altera/sopc_builder_ip/altera_avalon_new_sdram_controller -- C:/intelfpga_lite/18.1/quartus/../ip/altera/sopc_builder_ip/altera_avalon_new_sdram_controller/generate_rtl.pl --name=embedded_vpu_sdram_controller --dir=C:/Users/felip/AppData/Local/Temp/alt0280_946341230046802575.dir/0008_sdram_controller_gen/ --quartus_dir=C:/intelfpga_lite/18.1/quartus --verilog --config=C:/Users/felip/AppData/Local/Temp/alt0280_946341230046802575.dir/0008_sdram_controller_gen//embedded_vpu_sdram_controller_component_configuration.pl  --do_build_sim=0  ]
Info: sdram_controller: Done RTL generation for module 'embedded_vpu_sdram_controller'
Info: sdram_controller: "embedded_vpu" instantiated altera_avalon_new_sdram_controller "sdram_controller"
Info: sram: Starting Generation of the SRAM Controller
Info: sram: "embedded_vpu" instantiated altera_up_avalon_sram "sram"
Info: avalon_st_adapter: Inserting error_adapter: error_adapter_0
Info: mm_interconnect_0: "embedded_vpu" instantiated altera_mm_interconnect "mm_interconnect_0"
Info: avalon_st_adapter: Inserting error_adapter: error_adapter_0
Info: avalon_st_adapter_001: Inserting error_adapter: error_adapter_0
Info: avalon_st_adapter_002: Inserting error_adapter: error_adapter_0
Info: avalon_st_adapter_003: Inserting error_adapter: error_adapter_0
Info: avalon_st_adapter_004: Inserting error_adapter: error_adapter_0
Info: avalon_st_adapter_005: Inserting error_adapter: error_adapter_0
Info: avalon_st_adapter_006: Inserting error_adapter: error_adapter_0
Info: mm_interconnect_1: "embedded_vpu" instantiated altera_mm_interconnect "mm_interconnect_1"
Info: avalon_st_adapter: Inserting error_adapter: error_adapter_0
Info: mm_interconnect_2: "embedded_vpu" instantiated altera_mm_interconnect "mm_interconnect_2"
Info: irq_mapper: "embedded_vpu" instantiated altera_irq_mapper "irq_mapper"
Info: rst_controller: "embedded_vpu" instantiated altera_reset_controller "rst_controller"
Info: cpu: Starting RTL generation for module 'embedded_vpu_processor_cpu'
Info: cpu:   Generation command is [exec C:/intelFPGA_lite/18.1/quartus/bin64//eperlcmd.exe -I C:/intelFPGA_lite/18.1/quartus/bin64//perl/lib -I C:/intelfpga_lite/18.1/quartus/sopc_builder/bin/europa -I C:/intelfpga_lite/18.1/quartus/sopc_builder/bin/perl_lib -I C:/intelfpga_lite/18.1/quartus/sopc_builder/bin -I C:/intelfpga_lite/18.1/quartus/../ip/altera/nios2_ip/altera_nios2_gen2/cpu_lib -I C:/intelfpga_lite/18.1/quartus/../ip/altera/nios2_ip/altera_nios2_gen2/nios_lib -I C:/intelfpga_lite/18.1/quartus/../ip/altera/nios2_ip/altera_nios2_gen2 -I C:/intelfpga_lite/18.1/quartus/../ip/altera/nios2_ip/altera_nios2_gen2 -- C:/intelfpga_lite/18.1/quartus/../ip/altera/nios2_ip/altera_nios2_gen2/generate_rtl.epl --name=embedded_vpu_processor_cpu --dir=C:/Users/felip/AppData/Local/Temp/alt0280_946341230046802575.dir/0012_cpu_gen/ --quartus_bindir=C:/intelFPGA_lite/18.1/quartus/bin64/ --verilog --config=C:/Users/felip/AppData/Local/Temp/alt0280_946341230046802575.dir/0012_cpu_gen//embedded_vpu_processor_cpu_processor_configuration.pl  --do_build_sim=0  ]
Info: cpu: # 2025.07.11 00:28:48 (*) Starting Nios II generation
Info: cpu: # 2025.07.11 00:28:48 (*)   Checking for plaintext license.
Info: cpu: # 2025.07.11 00:28:48 (*)   Couldn't query license setup in Quartus directory C:/intelFPGA_lite/18.1/quartus/bin64/
Info: cpu: # 2025.07.11 00:28:48 (*)   Defaulting to contents of LM_LICENSE_FILE environment variable
Info: cpu: # 2025.07.11 00:28:48 (*)   Plaintext license not found.
Info: cpu: # 2025.07.11 00:28:48 (*)   No license required to generate encrypted Nios II/e.
Info: cpu: # 2025.07.11 00:28:48 (*)   Elaborating CPU configuration settings
Info: cpu: # 2025.07.11 00:28:49 (*)   Creating all objects for CPU
Info: cpu: # 2025.07.11 00:28:50 (*)   Generating RTL from CPU objects
Info: cpu: # 2025.07.11 00:28:50 (*)   Creating plain-text RTL
Info: cpu: # 2025.07.11 00:28:50 (*) Done Nios II generation
Info: cpu: Done RTL generation for module 'embedded_vpu_processor_cpu'
Info: cpu: "processor" instantiated altera_nios2_gen2_unit "cpu"
Info: composer_avalon_master_translator: "mm_interconnect_0" instantiated altera_merlin_master_translator "composer_avalon_master_translator"
Info: sram_avalon_sram_slave_translator: "mm_interconnect_0" instantiated altera_merlin_slave_translator "sram_avalon_sram_slave_translator"
Info: composer_avalon_master_agent: "mm_interconnect_0" instantiated altera_merlin_master_agent "composer_avalon_master_agent"
Info: sram_avalon_sram_slave_agent: "mm_interconnect_0" instantiated altera_merlin_slave_agent "sram_avalon_sram_slave_agent"
Info: sram_avalon_sram_slave_agent_rsp_fifo: "mm_interconnect_0" instantiated altera_avalon_sc_fifo "sram_avalon_sram_slave_agent_rsp_fifo"
Info: router: "mm_interconnect_0" instantiated altera_merlin_router "router"
Info: router_001: "mm_interconnect_0" instantiated altera_merlin_router "router_001"
Info: sram_avalon_sram_slave_burst_adapter: "mm_interconnect_0" instantiated altera_merlin_burst_adapter "sram_avalon_sram_slave_burst_adapter"
Info: cmd_demux: "mm_interconnect_0" instantiated altera_merlin_demultiplexer "cmd_demux"
Info: cmd_mux: "mm_interconnect_0" instantiated altera_merlin_multiplexer "cmd_mux"
Info: rsp_mux: "mm_interconnect_0" instantiated altera_merlin_multiplexer "rsp_mux"
Info: Reusing file C:/Projects/Quartus/visual_processing_unit_gamepad/embedded_vpu/synthesis/submodules/altera_merlin_arbitrator.sv
Info: sram_avalon_sram_slave_rsp_width_adapter: "mm_interconnect_0" instantiated altera_merlin_width_adapter "sram_avalon_sram_slave_rsp_width_adapter"
Info: Reusing file C:/Projects/Quartus/visual_processing_unit_gamepad/embedded_vpu/synthesis/submodules/altera_merlin_address_alignment.sv
Info: Reusing file C:/Projects/Quartus/visual_processing_unit_gamepad/embedded_vpu/synthesis/submodules/altera_merlin_burst_uncompressor.sv
Info: avalon_st_adapter: "mm_interconnect_0" instantiated altera_avalon_st_adapter "avalon_st_adapter"
Info: router: "mm_interconnect_1" instantiated altera_merlin_router "router"
Info: router_001: "mm_interconnect_1" instantiated altera_merlin_router "router_001"
Info: router_002: "mm_interconnect_1" instantiated altera_merlin_router "router_002"
Info: router_003: "mm_interconnect_1" instantiated altera_merlin_router "router_003"
Info: cmd_demux: "mm_interconnect_1" instantiated altera_merlin_demultiplexer "cmd_demux"
Info: cmd_demux_001: "mm_interconnect_1" instantiated altera_merlin_demultiplexer "cmd_demux_001"
Info: cmd_mux: "mm_interconnect_1" instantiated altera_merlin_multiplexer "cmd_mux"
Info: Reusing file C:/Projects/Quartus/visual_processing_unit_gamepad/embedded_vpu/synthesis/submodules/altera_merlin_arbitrator.sv
Info: cmd_mux_001: "mm_interconnect_1" instantiated altera_merlin_multiplexer "cmd_mux_001"
Info: Reusing file C:/Projects/Quartus/visual_processing_unit_gamepad/embedded_vpu/synthesis/submodules/altera_merlin_arbitrator.sv
Info: rsp_demux: "mm_interconnect_1" instantiated altera_merlin_demultiplexer "rsp_demux"
Info: rsp_mux: "mm_interconnect_1" instantiated altera_merlin_multiplexer "rsp_mux"
Info: Reusing file C:/Projects/Quartus/visual_processing_unit_gamepad/embedded_vpu/synthesis/submodules/altera_merlin_arbitrator.sv
Info: rsp_mux_001: "mm_interconnect_1" instantiated altera_merlin_multiplexer "rsp_mux_001"
Info: Reusing file C:/Projects/Quartus/visual_processing_unit_gamepad/embedded_vpu/synthesis/submodules/altera_merlin_arbitrator.sv
Info: avalon_st_adapter: "mm_interconnect_1" instantiated altera_avalon_st_adapter "avalon_st_adapter"
Info: router: "mm_interconnect_2" instantiated altera_merlin_router "router"
Info: router_001: "mm_interconnect_2" instantiated altera_merlin_router "router_001"
Info: cmd_demux: "mm_interconnect_2" instantiated altera_merlin_demultiplexer "cmd_demux"
Info: cmd_mux: "mm_interconnect_2" instantiated altera_merlin_multiplexer "cmd_mux"
Info: Reusing file C:/Projects/Quartus/visual_processing_unit_gamepad/embedded_vpu/synthesis/submodules/altera_merlin_arbitrator.sv
Info: rsp_mux: "mm_interconnect_2" instantiated altera_merlin_multiplexer "rsp_mux"
Info: Reusing file C:/Projects/Quartus/visual_processing_unit_gamepad/embedded_vpu/synthesis/submodules/altera_merlin_arbitrator.sv
Info: error_adapter_0: "avalon_st_adapter" instantiated error_adapter "error_adapter_0"
Info: error_adapter_0: "avalon_st_adapter" instantiated error_adapter "error_adapter_0"
Info: embedded_vpu: Done "embedded_vpu" with 48 modules, 79 files
Info: qsys-generate succeeded.
Info: Finished: Create HDL design files for synthesis
